# Logfile created on 2014-02-12 15:26:03 -0200 by logger.rb/31641
I, [2014-02-12T15:26:03.139985 #19459]  INFO -- : 0:  rake (10.1.0) from /home/diego/.rvm/gems/ruby-1.9.3-p327/specifications/rake-10.1.0.gemspec
I, [2014-02-12T15:26:03.140458 #19459]  INFO -- : 0:  i18n (0.6.9) from /home/diego/.rvm/gems/ruby-1.9.3-p327/specifications/i18n-0.6.9.gemspec
I, [2014-02-12T15:26:03.140873 #19459]  INFO -- : 0:  multi_json (1.8.2) from /home/diego/.rvm/gems/ruby-1.9.3-p327/specifications/multi_json-1.8.2.gemspec
I, [2014-02-12T15:26:03.141253 #19459]  INFO -- : 0:  activesupport (3.2.16) from /home/diego/.rvm/gems/ruby-1.9.3-p327/specifications/activesupport-3.2.16.gemspec
I, [2014-02-12T15:26:03.141639 #19459]  INFO -- : 0:  builder (3.0.4) from /home/diego/.rvm/gems/ruby-1.9.3-p327/specifications/builder-3.0.4.gemspec
I, [2014-02-12T15:26:03.142015 #19459]  INFO -- : 0:  activemodel (3.2.16) from /home/diego/.rvm/gems/ruby-1.9.3-p327/specifications/activemodel-3.2.16.gemspec
I, [2014-02-12T15:26:03.142409 #19459]  INFO -- : 0:  erubis (2.7.0) from /home/diego/.rvm/gems/ruby-1.9.3-p327/specifications/erubis-2.7.0.gemspec
I, [2014-02-12T15:26:03.142787 #19459]  INFO -- : 0:  journey (1.0.4) from /home/diego/.rvm/gems/ruby-1.9.3-p327/specifications/journey-1.0.4.gemspec
I, [2014-02-12T15:26:03.143173 #19459]  INFO -- : 0:  rack (1.4.5) from /home/diego/.rvm/gems/ruby-1.9.3-p327/specifications/rack-1.4.5.gemspec
I, [2014-02-12T15:26:03.143546 #19459]  INFO -- : 0:  rack-cache (1.2) from /home/diego/.rvm/gems/ruby-1.9.3-p327/specifications/rack-cache-1.2.gemspec
I, [2014-02-12T15:26:03.143921 #19459]  INFO -- : 0:  rack-test (0.6.2) from /home/diego/.rvm/gems/ruby-1.9.3-p327/specifications/rack-test-0.6.2.gemspec
I, [2014-02-12T15:26:03.144295 #19459]  INFO -- : 0:  hike (1.2.3) from /home/diego/.rvm/gems/ruby-1.9.3-p327/specifications/hike-1.2.3.gemspec
I, [2014-02-12T15:26:03.144677 #19459]  INFO -- : 0:  tilt (1.4.1) from /home/diego/.rvm/gems/ruby-1.9.3-p327/specifications/tilt-1.4.1.gemspec
I, [2014-02-12T15:26:03.145057 #19459]  INFO -- : 0:  sprockets (2.2.2) from /home/diego/.rvm/gems/ruby-1.9.3-p327/specifications/sprockets-2.2.2.gemspec
I, [2014-02-12T15:26:03.145453 #19459]  INFO -- : 0:  actionpack (3.2.16) from /home/diego/.rvm/gems/ruby-1.9.3-p327/specifications/actionpack-3.2.16.gemspec
I, [2014-02-12T15:26:03.145848 #19459]  INFO -- : 0:  mime-types (1.25.1) from /home/diego/.rvm/gems/ruby-1.9.3-p327/specifications/mime-types-1.25.1.gemspec
I, [2014-02-12T15:26:03.146230 #19459]  INFO -- : 0:  polyglot (0.3.3) from /home/diego/.rvm/gems/ruby-1.9.3-p327/specifications/polyglot-0.3.3.gemspec
I, [2014-02-12T15:26:03.146623 #19459]  INFO -- : 0:  treetop (1.4.15) from /home/diego/.rvm/gems/ruby-1.9.3-p327/specifications/treetop-1.4.15.gemspec
I, [2014-02-12T15:26:03.147007 #19459]  INFO -- : 0:  mail (2.5.4) from /home/diego/.rvm/gems/ruby-1.9.3-p327/specifications/mail-2.5.4.gemspec
I, [2014-02-12T15:26:03.147402 #19459]  INFO -- : 0:  actionmailer (3.2.16) from /home/diego/.rvm/gems/ruby-1.9.3-p327/specifications/actionmailer-3.2.16.gemspec
I, [2014-02-12T15:26:03.147883 #19459]  INFO -- : 0:  arel (3.0.3) from /home/diego/.rvm/gems/ruby-1.9.3-p327/specifications/arel-3.0.3.gemspec
I, [2014-02-12T15:26:03.148296 #19459]  INFO -- : 0:  tzinfo (0.3.38) from /home/diego/.rvm/gems/ruby-1.9.3-p327/specifications/tzinfo-0.3.38.gemspec
I, [2014-02-12T15:26:03.148717 #19459]  INFO -- : 0:  activerecord (3.2.16) from /home/diego/.rvm/gems/ruby-1.9.3-p327/specifications/activerecord-3.2.16.gemspec
I, [2014-02-12T15:26:03.149101 #19459]  INFO -- : 0:  activeresource (3.2.16) from /home/diego/.rvm/gems/ruby-1.9.3-p327/specifications/activeresource-3.2.16.gemspec
I, [2014-02-12T15:26:03.149508 #19459]  INFO -- : 0:  awesome_print (1.2.0) from /home/diego/.rvm/gems/ruby-1.9.3-p327/specifications/awesome_print-1.2.0.gemspec
I, [2014-02-12T15:26:03.149890 #19459]  INFO -- : 0:  fastercsv (1.5.5) from /home/diego/.rvm/gems/ruby-1.9.3-p327/specifications/fastercsv-1.5.5.gemspec
I, [2014-02-12T15:26:03.150281 #19459]  INFO -- : 0:  haml (4.0.4) from /home/diego/.rvm/gems/ruby-1.9.3-p327/specifications/haml-4.0.4.gemspec
I, [2014-02-12T15:26:03.150685 #19459]  INFO -- : 0:  highline (1.6.20) from /home/diego/.rvm/gems/ruby-1.9.3-p327/specifications/highline-1.6.20.gemspec
I, [2014-02-12T15:26:03.151089 #19459]  INFO -- : 0:  sexp_processor (4.4.0) from /home/diego/.rvm/gems/ruby-1.9.3-p327/specifications/sexp_processor-4.4.0.gemspec
I, [2014-02-12T15:26:03.151486 #19459]  INFO -- : 0:  ruby_parser (3.2.2) from /home/diego/.rvm/gems/ruby-1.9.3-p327/specifications/ruby_parser-3.2.2.gemspec
I, [2014-02-12T15:26:03.156977 #19459]  INFO -- : 0:  ruby2ruby (2.0.6) from /home/diego/.rvm/gems/ruby-1.9.3-p327/specifications/ruby2ruby-2.0.6.gemspec
I, [2014-02-12T15:26:03.157402 #19459]  INFO -- : 0:  sass (3.2.12) from /home/diego/.rvm/gems/ruby-1.9.3-p327/specifications/sass-3.2.12.gemspec
I, [2014-02-12T15:26:03.157771 #19459]  INFO -- : 0:  temple (0.6.7) from /home/diego/.rvm/gems/ruby-1.9.3-p327/specifications/temple-0.6.7.gemspec
I, [2014-02-12T15:26:03.158163 #19459]  INFO -- : 0:  slim (2.0.2) from /home/diego/.rvm/gems/ruby-1.9.3-p327/specifications/slim-2.0.2.gemspec
I, [2014-02-12T15:26:03.158554 #19459]  INFO -- : 0:  terminal-table (1.4.5) from /home/diego/.rvm/gems/ruby-1.9.3-p327/specifications/terminal-table-1.4.5.gemspec
I, [2014-02-12T15:26:03.158951 #19459]  INFO -- : 0:  brakeman (2.2.0) from /home/diego/.rvm/gems/ruby-1.9.3-p327/specifications/brakeman-2.2.0.gemspec
I, [2014-02-12T15:26:03.159321 #19459]  INFO -- : 0:  bundler (1.5.1) from /home/diego/.rvm/gems/ruby-1.9.3-p327@global/specifications/bundler-1.5.1.gemspec
I, [2014-02-12T15:26:03.159709 #19459]  INFO -- : 0:  ffi (1.9.3) from /home/diego/.rvm/gems/ruby-1.9.3-p327/specifications/ffi-1.9.3.gemspec
I, [2014-02-12T15:26:03.160095 #19459]  INFO -- : 0:  childprocess (0.3.9) from /home/diego/.rvm/gems/ruby-1.9.3-p327/specifications/childprocess-0.3.9.gemspec
I, [2014-02-12T15:26:03.160494 #19459]  INFO -- : 0:  coderay (1.1.0) from /home/diego/.rvm/gems/ruby-1.9.3-p327/specifications/coderay-1.1.0.gemspec
I, [2014-02-12T15:26:03.160885 #19459]  INFO -- : 0:  columnize (0.3.6) from /home/diego/.rvm/gems/ruby-1.9.3-p327/specifications/columnize-0.3.6.gemspec
I, [2014-02-12T15:26:03.161282 #19459]  INFO -- : 0:  debugger-linecache (1.2.0) from /home/diego/.rvm/gems/ruby-1.9.3-p327/specifications/debugger-linecache-1.2.0.gemspec
I, [2014-02-12T15:26:03.161662 #19459]  INFO -- : 0:  debugger-ruby_core_source (1.2.4) from /home/diego/.rvm/gems/ruby-1.9.3-p327/specifications/debugger-ruby_core_source-1.2.4.gemspec
I, [2014-02-12T15:26:03.162041 #19459]  INFO -- : 0:  debugger (1.6.3) from /home/diego/.rvm/gems/ruby-1.9.3-p327/specifications/debugger-1.6.3.gemspec
I, [2014-02-12T15:26:03.162426 #19459]  INFO -- : 0:  diff-lcs (1.2.5) from /home/diego/.rvm/gems/ruby-1.9.3-p327/specifications/diff-lcs-1.2.5.gemspec
I, [2014-02-12T15:26:03.162836 #19459]  INFO -- : 0:  docile (1.1.1) from /home/diego/.rvm/gems/ruby-1.9.3-p327/specifications/docile-1.1.1.gemspec
I, [2014-02-12T15:26:03.163240 #19459]  INFO -- : 0:  factory_girl (4.3.0) from /home/diego/.rvm/gems/ruby-1.9.3-p327/specifications/factory_girl-4.3.0.gemspec
I, [2014-02-12T15:26:03.163614 #19459]  INFO -- : 0:  rack-ssl (1.3.3) from /home/diego/.rvm/gems/ruby-1.9.3-p327/specifications/rack-ssl-1.3.3.gemspec
I, [2014-02-12T15:26:03.164000 #19459]  INFO -- : 0:  json (1.8.1) from /home/diego/.rvm/gems/ruby-1.9.3-p327/specifications/json-1.8.1.gemspec
I, [2014-02-12T15:26:03.164414 #19459]  INFO -- : 0:  rdoc (3.12.2) from /home/diego/.rvm/gems/ruby-1.9.3-p327/specifications/rdoc-3.12.2.gemspec
I, [2014-02-12T15:26:03.164823 #19459]  INFO -- : 0:  thor (0.18.1) from /home/diego/.rvm/gems/ruby-1.9.3-p327/specifications/thor-0.18.1.gemspec
I, [2014-02-12T15:26:03.165201 #19459]  INFO -- : 0:  railties (3.2.16) from /home/diego/.rvm/gems/ruby-1.9.3-p327/specifications/railties-3.2.16.gemspec
I, [2014-02-12T15:26:03.165609 #19459]  INFO -- : 0:  factory_girl_rails (4.3.0) from /home/diego/.rvm/gems/ruby-1.9.3-p327/specifications/factory_girl_rails-4.3.0.gemspec
I, [2014-02-12T15:26:03.166014 #19459]  INFO -- : 0:  jquery-rails (3.0.4) from /home/diego/.rvm/gems/ruby-1.9.3-p327/specifications/jquery-rails-3.0.4.gemspec
I, [2014-02-12T15:26:03.166426 #19459]  INFO -- : 0:  method_source (0.8.2) from /home/diego/.rvm/gems/ruby-1.9.3-p327/specifications/method_source-0.8.2.gemspec
I, [2014-02-12T15:26:03.166826 #19459]  INFO -- : 0:  mini_portile (0.5.2) from /home/diego/.rvm/gems/ruby-1.9.3-p327/specifications/mini_portile-0.5.2.gemspec
I, [2014-02-12T15:26:03.167227 #19459]  INFO -- : 0:  nokogiri (1.6.0) from /home/diego/.rvm/gems/ruby-1.9.3-p327/specifications/nokogiri-1.6.0.gemspec
I, [2014-02-12T15:26:03.167625 #19459]  INFO -- : 0:  slop (3.4.7) from /home/diego/.rvm/gems/ruby-1.9.3-p327/specifications/slop-3.4.7.gemspec
I, [2014-02-12T15:26:03.168039 #19459]  INFO -- : 0:  pry (0.9.12.4) from /home/diego/.rvm/gems/ruby-1.9.3-p327/specifications/pry-0.9.12.4.gemspec
I, [2014-02-12T15:26:03.168446 #19459]  INFO -- : 0:  rails (3.2.16) from /home/diego/.rvm/gems/ruby-1.9.3-p327/specifications/rails-3.2.16.gemspec
I, [2014-02-12T15:26:03.168853 #19459]  INFO -- : 0:  rspec-core (2.14.7) from /home/diego/.rvm/gems/ruby-1.9.3-p327/specifications/rspec-core-2.14.7.gemspec
I, [2014-02-12T15:26:03.169258 #19459]  INFO -- : 0:  rspec-expectations (2.14.4) from /home/diego/.rvm/gems/ruby-1.9.3-p327/specifications/rspec-expectations-2.14.4.gemspec
I, [2014-02-12T15:26:03.169667 #19459]  INFO -- : 0:  rspec-mocks (2.14.4) from /home/diego/.rvm/gems/ruby-1.9.3-p327/specifications/rspec-mocks-2.14.4.gemspec
I, [2014-02-12T15:26:03.170061 #19459]  INFO -- : 0:  rspec (2.14.1) from /home/diego/.rvm/gems/ruby-1.9.3-p327/specifications/rspec-2.14.1.gemspec
I, [2014-02-12T15:26:03.170470 #19459]  INFO -- : 0:  rspec-rails (2.14.0) from /home/diego/.rvm/gems/ruby-1.9.3-p327/specifications/rspec-rails-2.14.0.gemspec
I, [2014-02-12T15:26:03.170875 #19459]  INFO -- : 0:  rubyzip (1.1.0) from /home/diego/.rvm/gems/ruby-1.9.3-p327/specifications/rubyzip-1.1.0.gemspec
I, [2014-02-12T15:26:03.171273 #19459]  INFO -- : 0:  selenium-client (1.2.18) from /home/diego/.rvm/gems/ruby-1.9.3-p327/specifications/selenium-client-1.2.18.gemspec
I, [2014-02-12T15:26:03.171663 #19459]  INFO -- : 0:  websocket (1.0.7) from /home/diego/.rvm/gems/ruby-1.9.3-p327/specifications/websocket-1.0.7.gemspec
I, [2014-02-12T15:26:03.172062 #19459]  INFO -- : 0:  selenium-webdriver (2.38.0) from /home/diego/.rvm/gems/ruby-1.9.3-p327/specifications/selenium-webdriver-2.38.0.gemspec
I, [2014-02-12T15:26:03.172457 #19459]  INFO -- : 0:  shoulda-matchers (2.4.0) from /home/diego/.rvm/gems/ruby-1.9.3-p327/specifications/shoulda-matchers-2.4.0.gemspec
I, [2014-02-12T15:26:03.172860 #19459]  INFO -- : 0:  simplecov-html (0.8.0) from /home/diego/.rvm/gems/ruby-1.9.3-p327/specifications/simplecov-html-0.8.0.gemspec
I, [2014-02-12T15:26:03.173271 #19459]  INFO -- : 0:  simplecov (0.8.2) from /home/diego/.rvm/gems/ruby-1.9.3-p327/specifications/simplecov-0.8.2.gemspec
I, [2014-02-12T15:26:03.173678 #19459]  INFO -- : 0:  simplecov-rcov (0.2.3) from /home/diego/.rvm/gems/ruby-1.9.3-p327/specifications/simplecov-rcov-0.2.3.gemspec
I, [2014-02-12T15:26:03.174062 #19459]  INFO -- : 0:  spork (0.9.2) from /home/diego/.rvm/gems/ruby-1.9.3-p327/specifications/spork-0.9.2.gemspec
I, [2014-02-12T15:26:03.174468 #19459]  INFO -- : 0:  webrat (0.7.3) from /home/diego/.rvm/gems/ruby-1.9.3-p327/specifications/webrat-0.7.3.gemspec
I, [2014-02-14T12:18:32.346214 #4432]  INFO -- : 0:  rake (10.1.1) from /home/diego/.rvm/gems/ruby-1.9.3-p327@global/specifications/rake-10.1.1.gemspec
I, [2014-02-14T12:18:34.965750 #4432]  INFO -- : 0:  i18n (0.6.9) from /home/diego/.rvm/gems/ruby-1.9.3-p327@sample/specifications/i18n-0.6.9.gemspec
I, [2014-02-14T12:18:37.678062 #4432]  INFO -- : 0:  minitest (4.7.5) from /home/diego/.rvm/gems/ruby-1.9.3-p327@sample/specifications/minitest-4.7.5.gemspec
I, [2014-02-14T12:18:39.517879 #4432]  INFO -- : 0:  multi_json (1.8.4) from /home/diego/.rvm/gems/ruby-1.9.3-p327@sample/specifications/multi_json-1.8.4.gemspec
I, [2014-02-14T12:18:43.325765 #4432]  INFO -- : 0:  atomic (1.1.14) from /home/diego/.rvm/gems/ruby-1.9.3-p327@sample/specifications/atomic-1.1.14.gemspec
I, [2014-02-14T12:18:46.246430 #4432]  INFO -- : 0:  thread_safe (0.1.3) from /home/diego/.rvm/gems/ruby-1.9.3-p327@sample/specifications/thread_safe-0.1.3.gemspec
I, [2014-02-14T12:18:49.822748 #4432]  INFO -- : 0:  tzinfo (0.3.38) from /home/diego/.rvm/gems/ruby-1.9.3-p327@sample/specifications/tzinfo-0.3.38.gemspec
I, [2014-02-14T12:18:53.417591 #4432]  INFO -- : 0:  activesupport (4.0.2) from /home/diego/.rvm/gems/ruby-1.9.3-p327@sample/specifications/activesupport-4.0.2.gemspec
I, [2014-02-14T12:18:55.602095 #4432]  INFO -- : 0:  builder (3.1.4) from /home/diego/.rvm/gems/ruby-1.9.3-p327@sample/specifications/builder-3.1.4.gemspec
I, [2014-02-14T12:18:58.569446 #4432]  INFO -- : 0:  erubis (2.7.0) from /home/diego/.rvm/gems/ruby-1.9.3-p327@sample/specifications/erubis-2.7.0.gemspec
I, [2014-02-14T12:19:01.897521 #4432]  INFO -- : 0:  rack (1.5.2) from /home/diego/.rvm/gems/ruby-1.9.3-p327@sample/specifications/rack-1.5.2.gemspec
I, [2014-02-14T12:19:04.209423 #4432]  INFO -- : 0:  rack-test (0.6.2) from /home/diego/.rvm/gems/ruby-1.9.3-p327@sample/specifications/rack-test-0.6.2.gemspec
I, [2014-02-14T12:19:07.873909 #4432]  INFO -- : 0:  actionpack (4.0.2) from /home/diego/.rvm/gems/ruby-1.9.3-p327@sample/specifications/actionpack-4.0.2.gemspec
I, [2014-02-14T12:19:10.535596 #4432]  INFO -- : 0:  activemodel (4.0.2) from /home/diego/.rvm/gems/ruby-1.9.3-p327@sample/specifications/activemodel-4.0.2.gemspec
I, [2014-02-14T12:19:19.400605 #4432]  INFO -- : 0:  ffi (1.9.3) from /home/diego/.rvm/gems/ruby-1.9.3-p327@sample/specifications/ffi-1.9.3.gemspec
I, [2014-02-14T12:19:22.281240 #4432]  INFO -- : 0:  childprocess (0.4.2) from /home/diego/.rvm/gems/ruby-1.9.3-p327@sample/specifications/childprocess-0.4.2.gemspec
I, [2014-02-14T12:19:24.973459 #4432]  INFO -- : 0:  diff-lcs (1.2.5) from /home/diego/.rvm/gems/ruby-1.9.3-p327@sample/specifications/diff-lcs-1.2.5.gemspec
I, [2014-02-14T12:19:27.324973 #4432]  INFO -- : 0:  mini_portile (0.5.2) from /home/diego/.rvm/gems/ruby-1.9.3-p327@sample/specifications/mini_portile-0.5.2.gemspec
I, [2014-02-14T12:21:11.782907 #4432]  INFO -- : 0:  nokogiri (1.6.1) from /home/diego/.rvm/gems/ruby-1.9.3-p327@sample/specifications/nokogiri-1.6.1.gemspec
I, [2014-02-14T12:21:14.001672 #4432]  INFO -- : 0:  thor (0.18.1) from /home/diego/.rvm/gems/ruby-1.9.3-p327@sample/specifications/thor-0.18.1.gemspec
I, [2014-02-14T12:21:17.010864 #4432]  INFO -- : 0:  railties (4.0.2) from /home/diego/.rvm/gems/ruby-1.9.3-p327@sample/specifications/railties-4.0.2.gemspec
I, [2014-02-14T12:21:19.475916 #4432]  INFO -- : 0:  rspec-core (2.14.7) from /home/diego/.rvm/gems/ruby-1.9.3-p327@sample/specifications/rspec-core-2.14.7.gemspec
I, [2014-02-14T12:21:22.428036 #4432]  INFO -- : 0:  rspec-expectations (2.14.5) from /home/diego/.rvm/gems/ruby-1.9.3-p327@sample/specifications/rspec-expectations-2.14.5.gemspec
I, [2014-02-14T12:21:25.329691 #4432]  INFO -- : 0:  rspec-mocks (2.14.5) from /home/diego/.rvm/gems/ruby-1.9.3-p327@sample/specifications/rspec-mocks-2.14.5.gemspec
I, [2014-02-14T12:21:27.019610 #4432]  INFO -- : 0:  rspec (2.14.1) from /home/diego/.rvm/gems/ruby-1.9.3-p327@sample/specifications/rspec-2.14.1.gemspec
I, [2014-02-14T12:21:29.148411 #4432]  INFO -- : 0:  rspec-rails (2.14.1) from /home/diego/.rvm/gems/ruby-1.9.3-p327@sample/specifications/rspec-rails-2.14.1.gemspec
I, [2014-02-14T12:21:31.286970 #4432]  INFO -- : 0:  ruby-ole (1.2.11.7) from /home/diego/.rvm/gems/ruby-1.9.3-p327@sample/specifications/ruby-ole-1.2.11.7.gemspec
I, [2014-02-14T12:21:33.853491 #4432]  INFO -- : 0:  rubyzip (1.1.0) from /home/diego/.rvm/gems/ruby-1.9.3-p327@sample/specifications/rubyzip-1.1.0.gemspec
I, [2014-02-14T12:21:36.040156 #4432]  INFO -- : 0:  selenium-client (1.2.18) from /home/diego/.rvm/gems/ruby-1.9.3-p327@sample/specifications/selenium-client-1.2.18.gemspec
I, [2014-02-14T12:21:38.106643 #4432]  INFO -- : 0:  websocket (1.0.7) from /home/diego/.rvm/gems/ruby-1.9.3-p327@sample/specifications/websocket-1.0.7.gemspec
I, [2014-02-14T12:21:44.429237 #4432]  INFO -- : 0:  selenium-webdriver (2.39.0) from /home/diego/.rvm/gems/ruby-1.9.3-p327@sample/specifications/selenium-webdriver-2.39.0.gemspec
I, [2014-02-14T12:21:51.759372 #4432]  INFO -- : 0:  spreadsheet (0.9.7) from /home/diego/.rvm/gems/ruby-1.9.3-p327@sample/specifications/spreadsheet-0.9.7.gemspec
I, [2014-02-14T12:22:08.370424 #4432]  INFO -- : 0:  webrat (0.7.3) from /home/diego/.rvm/gems/ruby-1.9.3-p327@sample/specifications/webrat-0.7.3.gemspec
I, [2014-02-14T12:22:08.370929 #4432]  INFO -- : 0:  bundler (1.5.1) from /home/diego/.rvm/gems/ruby-1.9.3-p327@global/specifications/bundler-1.5.1.gemspec
